<?xml version="1.0" encoding="UTF-8"?>
<coverage generated="1582428905466" clover="3.2.0">
  <project timestamp="1582428905466" name="All files">
    <metrics statements="49" coveredstatements="11" conditionals="15" coveredconditionals="2" methods="14" coveredmethods="3" elements="78" coveredelements="16" complexity="0" loc="49" ncloc="49" packages="4" files="4" classes="4"/>
    <package name="actions">
      <metrics statements="17" coveredstatements="0" conditionals="0" coveredconditionals="0" methods="6" coveredmethods="0"/>
      <file name="index.js" path="/Users/emjune/Desktop/Coding_Bootcamp/PostGrad/Thunderhead/ticker-checker/client/src/actions/index.js">
        <metrics statements="17" coveredstatements="0" conditionals="0" coveredconditionals="0" methods="6" coveredmethods="0"/>
        <line num="6" count="0" type="stmt"/>
        <line num="8" count="0" type="stmt"/>
        <line num="10" count="0" type="stmt"/>
        <line num="11" count="0" type="stmt"/>
        <line num="12" count="0" type="stmt"/>
        <line num="14" count="0" type="stmt"/>
        <line num="19" count="0" type="stmt"/>
        <line num="28" count="0" type="stmt"/>
        <line num="29" count="0" type="stmt"/>
        <line num="33" count="0" type="stmt"/>
        <line num="34" count="0" type="stmt"/>
        <line num="37" count="0" type="stmt"/>
        <line num="38" count="0" type="stmt"/>
        <line num="39" count="0" type="stmt"/>
        <line num="40" count="0" type="stmt"/>
        <line num="42" count="0" type="stmt"/>
        <line num="49" count="0" type="stmt"/>
      </file>
    </package>
    <package name="components.Chart">
      <metrics statements="7" coveredstatements="7" conditionals="0" coveredconditionals="0" methods="2" coveredmethods="2"/>
      <file name="index.js" path="/Users/emjune/Desktop/Coding_Bootcamp/PostGrad/Thunderhead/ticker-checker/client/src/components/Chart/index.js">
        <metrics statements="7" coveredstatements="7" conditionals="0" coveredconditionals="0" methods="2" coveredmethods="2"/>
        <line num="5" count="1" type="stmt"/>
        <line num="7" count="3" type="stmt"/>
        <line num="11" count="3" type="stmt"/>
        <line num="12" count="4" type="stmt"/>
        <line num="14" count="4" type="stmt"/>
        <line num="18" count="3" type="stmt"/>
        <line num="31" count="3" type="stmt"/>
      </file>
    </package>
    <package name="components.PopoutItem">
      <metrics statements="4" coveredstatements="0" conditionals="2" coveredconditionals="0" methods="2" coveredmethods="0"/>
      <file name="index.js" path="/Users/emjune/Desktop/Coding_Bootcamp/PostGrad/Thunderhead/ticker-checker/client/src/components/PopoutItem/index.js">
        <metrics statements="4" coveredstatements="0" conditionals="2" coveredconditionals="0" methods="2" coveredmethods="0"/>
        <line num="11" count="0" type="stmt"/>
        <line num="12" count="0" type="stmt"/>
        <line num="27" count="0" type="stmt"/>
        <line num="43" count="0" type="stmt"/>
      </file>
    </package>
    <package name="reducers">
      <metrics statements="21" coveredstatements="4" conditionals="13" coveredconditionals="2" methods="4" coveredmethods="1"/>
      <file name="stockReducer.js" path="/Users/emjune/Desktop/Coding_Bootcamp/PostGrad/Thunderhead/ticker-checker/client/src/reducers/stockReducer.js">
        <metrics statements="21" coveredstatements="4" conditionals="13" coveredconditionals="2" methods="4" coveredmethods="1"/>
        <line num="3" count="1" type="stmt"/>
        <line num="10" count="1" type="cond" truecount="1" falsecount="0"/>
        <line num="12" count="1" type="cond" truecount="1" falsecount="5"/>
        <line num="14" count="0" type="stmt"/>
        <line num="17" count="0" type="stmt"/>
        <line num="18" count="0" type="stmt"/>
        <line num="19" count="0" type="cond" truecount="0" falsecount="2"/>
        <line num="20" count="0" type="stmt"/>
        <line num="23" count="0" type="stmt"/>
        <line num="32" count="0" type="stmt"/>
        <line num="37" count="0" type="stmt"/>
        <line num="49" count="0" type="stmt"/>
        <line num="52" count="0" type="stmt"/>
        <line num="53" count="0" type="stmt"/>
        <line num="55" count="0" type="cond" truecount="0" falsecount="2"/>
        <line num="56" count="0" type="stmt"/>
        <line num="63" count="0" type="stmt"/>
        <line num="70" count="0" type="stmt"/>
        <line num="74" count="0" type="cond" truecount="0" falsecount="2"/>
        <line num="75" count="0" type="stmt"/>
        <line num="80" count="1" type="stmt"/>
      </file>
    </package>
  </project>
</coverage>
