{"/Users/emjune/Desktop/Coding_Bootcamp/PostGrad/Thunderhead/ticker-checker/client/src/actions/index.js": {"path":"/Users/emjune/Desktop/Coding_Bootcamp/PostGrad/Thunderhead/ticker-checker/client/src/actions/index.js","statementMap":{"0":{"start":{"line":6,"column":25},"end":{"line":25,"column":1}},"1":{"start":{"line":6,"column":31},"end":{"line":25,"column":1}},"2":{"start":{"line":8,"column":2},"end":{"line":23,"column":3}},"3":{"start":{"line":10,"column":19},"end":{"line":10,"column":40}},"4":{"start":{"line":11,"column":20},"end":{"line":11,"column":39}},"5":{"start":{"line":12,"column":4},"end":{"line":12,"column":27}},"6":{"start":{"line":14,"column":4},"end":{"line":17,"column":7}},"7":{"start":{"line":19,"column":4},"end":{"line":22,"column":6}},"8":{"start":{"line":28,"column":24},"end":{"line":30,"column":1}},"9":{"start":{"line":29,"column":2},"end":{"line":29,"column":38}},"10":{"start":{"line":33,"column":27},"end":{"line":35,"column":1}},"11":{"start":{"line":34,"column":2},"end":{"line":34,"column":40}},"12":{"start":{"line":37,"column":27},"end":{"line":54,"column":1}},"13":{"start":{"line":37,"column":35},"end":{"line":54,"column":1}},"14":{"start":{"line":38,"column":2},"end":{"line":53,"column":3}},"15":{"start":{"line":39,"column":23},"end":{"line":39,"column":48}},"16":{"start":{"line":40,"column":20},"end":{"line":40,"column":47}},"17":{"start":{"line":42,"column":4},"end":{"line":45,"column":6}},"18":{"start":{"line":49,"column":4},"end":{"line":52,"column":6}}},"fnMap":{"0":{"name":"(anonymous_0)","decl":{"start":{"line":6,"column":25},"end":{"line":6,"column":26}},"loc":{"start":{"line":6,"column":31},"end":{"line":25,"column":1}},"line":6},"1":{"name":"(anonymous_1)","decl":{"start":{"line":6,"column":31},"end":{"line":6,"column":32}},"loc":{"start":{"line":6,"column":49},"end":{"line":25,"column":1}},"line":6},"2":{"name":"(anonymous_2)","decl":{"start":{"line":28,"column":24},"end":{"line":28,"column":25}},"loc":{"start":{"line":28,"column":37},"end":{"line":30,"column":1}},"line":28},"3":{"name":"(anonymous_3)","decl":{"start":{"line":33,"column":27},"end":{"line":33,"column":28}},"loc":{"start":{"line":33,"column":40},"end":{"line":35,"column":1}},"line":33},"4":{"name":"(anonymous_4)","decl":{"start":{"line":37,"column":27},"end":{"line":37,"column":28}},"loc":{"start":{"line":37,"column":35},"end":{"line":54,"column":1}},"line":37},"5":{"name":"(anonymous_5)","decl":{"start":{"line":37,"column":35},"end":{"line":37,"column":36}},"loc":{"start":{"line":37,"column":53},"end":{"line":54,"column":1}},"line":37}},"branchMap":{},"s":{"0":0,"1":0,"2":0,"3":0,"4":0,"5":0,"6":0,"7":0,"8":0,"9":0,"10":0,"11":0,"12":0,"13":0,"14":0,"15":0,"16":0,"17":0,"18":0},"f":{"0":0,"1":0,"2":0,"3":0,"4":0,"5":0},"b":{},"hash":"e8fb40c9d11f79f825f65714334b7201d01ec5ee"}
,"/Users/emjune/Desktop/Coding_Bootcamp/PostGrad/Thunderhead/ticker-checker/client/src/components/Chart/index.js": {"path":"/Users/emjune/Desktop/Coding_Bootcamp/PostGrad/Thunderhead/ticker-checker/client/src/components/Chart/index.js","statementMap":{"0":{"start":{"line":5,"column":19},"end":{"line":41,"column":1}},"1":{"start":{"line":7,"column":15},"end":{"line":9,"column":3}},"2":{"start":{"line":11,"column":2},"end":{"line":15,"column":5}},"3":{"start":{"line":12,"column":20},"end":{"line":12,"column":45}},"4":{"start":{"line":14,"column":4},"end":{"line":14,"column":25}},"5":{"start":{"line":18,"column":18},"end":{"line":28,"column":3}},"6":{"start":{"line":31,"column":2},"end":{"line":39,"column":4}}},"fnMap":{"0":{"name":"(anonymous_0)","decl":{"start":{"line":5,"column":19},"end":{"line":5,"column":20}},"loc":{"start":{"line":5,"column":61},"end":{"line":41,"column":1}},"line":5},"1":{"name":"(anonymous_1)","decl":{"start":{"line":11,"column":20},"end":{"line":11,"column":21}},"loc":{"start":{"line":11,"column":29},"end":{"line":15,"column":3}},"line":11}},"branchMap":{},"s":{"0":1,"1":3,"2":3,"3":4,"4":4,"5":3,"6":3},"f":{"0":3,"1":4},"b":{},"_coverageSchema":"43e27e138ebf9cfc5966b082cf9a028302ed4184","hash":"daa1d4d49a479bf37519cfa0de24524fb2ff6b32"}
,"/Users/emjune/Desktop/Coding_Bootcamp/PostGrad/Thunderhead/ticker-checker/client/src/components/PopoutItem/index.js": {"path":"/Users/emjune/Desktop/Coding_Bootcamp/PostGrad/Thunderhead/ticker-checker/client/src/components/PopoutItem/index.js","statementMap":{"0":{"start":{"line":11,"column":19},"end":{"line":41,"column":1}},"1":{"start":{"line":12,"column":2},"end":{"line":39,"column":3}},"2":{"start":{"line":27,"column":33},"end":{"line":27,"column":59}},"3":{"start":{"line":43,"column":0},"end":{"line":45,"column":2}}},"fnMap":{"0":{"name":"(anonymous_0)","decl":{"start":{"line":11,"column":19},"end":{"line":11,"column":20}},"loc":{"start":{"line":11,"column":51},"end":{"line":41,"column":1}},"line":11},"1":{"name":"(anonymous_1)","decl":{"start":{"line":27,"column":25},"end":{"line":27,"column":26}},"loc":{"start":{"line":27,"column":31},"end":{"line":27,"column":61}},"line":27}},"branchMap":{"0":{"loc":{"start":{"line":14,"column":36},"end":{"line":14,"column":69}},"type":"cond-expr","locations":[{"start":{"line":14,"column":56},"end":{"line":14,"column":64}},{"start":{"line":14,"column":67},"end":{"line":14,"column":69}}],"line":14}},"s":{"0":0,"1":0,"2":0,"3":0},"f":{"0":0,"1":0},"b":{"0":[0,0]},"hash":"31df7631613ec1f22576f798b4bd453af36bccb6"}
,"/Users/emjune/Desktop/Coding_Bootcamp/PostGrad/Thunderhead/ticker-checker/client/src/reducers/stockReducer.js": {"path":"/Users/emjune/Desktop/Coding_Bootcamp/PostGrad/Thunderhead/ticker-checker/client/src/reducers/stockReducer.js","statementMap":{"0":{"start":{"line":3,"column":21},"end":{"line":7,"column":1}},"1":{"start":{"line":10,"column":17},"end":{"line":82,"column":1}},"2":{"start":{"line":12,"column":2},"end":{"line":81,"column":3}},"3":{"start":{"line":14,"column":6},"end":{"line":30,"column":8}},"4":{"start":{"line":17,"column":27},"end":{"line":17,"column":28}},"5":{"start":{"line":18,"column":33},"end":{"line":18,"column":59}},"6":{"start":{"line":19,"column":10},"end":{"line":21,"column":11}},"7":{"start":{"line":20,"column":12},"end":{"line":20,"column":77}},"8":{"start":{"line":23,"column":10},"end":{"line":26,"column":12}},"9":{"start":{"line":32,"column":6},"end":{"line":35,"column":7}},"10":{"start":{"line":37,"column":6},"end":{"line":46,"column":7}},"11":{"start":{"line":49,"column":6},"end":{"line":68,"column":8}},"12":{"start":{"line":52,"column":27},"end":{"line":52,"column":61}},"13":{"start":{"line":53,"column":10},"end":{"line":53,"column":34}},"14":{"start":{"line":55,"column":10},"end":{"line":62,"column":11}},"15":{"start":{"line":56,"column":12},"end":{"line":61,"column":13}},"16":{"start":{"line":63,"column":10},"end":{"line":66,"column":12}},"17":{"start":{"line":70,"column":6},"end":{"line":78,"column":7}},"18":{"start":{"line":74,"column":10},"end":{"line":76,"column":11}},"19":{"start":{"line":75,"column":12},"end":{"line":75,"column":24}},"20":{"start":{"line":80,"column":6},"end":{"line":80,"column":19}}},"fnMap":{"0":{"name":"(anonymous_0)","decl":{"start":{"line":10,"column":17},"end":{"line":10,"column":18}},"loc":{"start":{"line":10,"column":51},"end":{"line":82,"column":1}},"line":10},"1":{"name":"(anonymous_1)","decl":{"start":{"line":16,"column":35},"end":{"line":16,"column":36}},"loc":{"start":{"line":16,"column":46},"end":{"line":28,"column":9}},"line":16},"2":{"name":"(anonymous_2)","decl":{"start":{"line":51,"column":33},"end":{"line":51,"column":34}},"loc":{"start":{"line":51,"column":44},"end":{"line":67,"column":9}},"line":51},"3":{"name":"(anonymous_3)","decl":{"start":{"line":73,"column":36},"end":{"line":73,"column":37}},"loc":{"start":{"line":73,"column":47},"end":{"line":77,"column":9}},"line":73}},"branchMap":{"0":{"loc":{"start":{"line":10,"column":18},"end":{"line":10,"column":38}},"type":"default-arg","locations":[{"start":{"line":10,"column":26},"end":{"line":10,"column":38}}],"line":10},"1":{"loc":{"start":{"line":12,"column":2},"end":{"line":81,"column":3}},"type":"switch","locations":[{"start":{"line":13,"column":4},"end":{"line":30,"column":8}},{"start":{"line":31,"column":4},"end":{"line":35,"column":7}},{"start":{"line":36,"column":4},"end":{"line":46,"column":7}},{"start":{"line":47,"column":4},"end":{"line":68,"column":8}},{"start":{"line":69,"column":4},"end":{"line":78,"column":7}},{"start":{"line":79,"column":4},"end":{"line":80,"column":19}}],"line":12},"2":{"loc":{"start":{"line":19,"column":10},"end":{"line":21,"column":11}},"type":"if","locations":[{"start":{"line":19,"column":10},"end":{"line":21,"column":11}},{"start":{"line":19,"column":10},"end":{"line":21,"column":11}}],"line":19},"3":{"loc":{"start":{"line":55,"column":10},"end":{"line":62,"column":11}},"type":"if","locations":[{"start":{"line":55,"column":10},"end":{"line":62,"column":11}},{"start":{"line":55,"column":10},"end":{"line":62,"column":11}}],"line":55},"4":{"loc":{"start":{"line":74,"column":10},"end":{"line":76,"column":11}},"type":"if","locations":[{"start":{"line":74,"column":10},"end":{"line":76,"column":11}},{"start":{"line":74,"column":10},"end":{"line":76,"column":11}}],"line":74}},"s":{"0":1,"1":1,"2":1,"3":0,"4":0,"5":0,"6":0,"7":0,"8":0,"9":0,"10":0,"11":0,"12":0,"13":0,"14":0,"15":0,"16":0,"17":0,"18":0,"19":0,"20":1},"f":{"0":1,"1":0,"2":0,"3":0},"b":{"0":[1],"1":[0,0,0,0,0,1],"2":[0,0],"3":[0,0],"4":[0,0]},"_coverageSchema":"43e27e138ebf9cfc5966b082cf9a028302ed4184","hash":"7acb5d15088cdb7ec56382a36a9022074220da65"}
}
