TN:
SF:/Users/emjune/Desktop/Coding_Bootcamp/PostGrad/Thunderhead/ticker-checker/client/src/actions/index.js
FN:6,(anonymous_0)
FN:6,(anonymous_1)
FN:28,(anonymous_2)
FN:33,(anonymous_3)
FN:37,(anonymous_4)
FN:37,(anonymous_5)
FNF:6
FNH:0
FNDA:0,(anonymous_0)
FNDA:0,(anonymous_1)
FNDA:0,(anonymous_2)
FNDA:0,(anonymous_3)
FNDA:0,(anonymous_4)
FNDA:0,(anonymous_5)
DA:6,0
DA:8,0
DA:10,0
DA:11,0
DA:12,0
DA:14,0
DA:19,0
DA:28,0
DA:29,0
DA:33,0
DA:34,0
DA:37,0
DA:38,0
DA:39,0
DA:40,0
DA:42,0
DA:49,0
LF:17
LH:0
BRF:0
BRH:0
end_of_record
TN:
SF:/Users/emjune/Desktop/Coding_Bootcamp/PostGrad/Thunderhead/ticker-checker/client/src/components/Chart/index.js
FN:5,(anonymous_0)
FN:11,(anonymous_1)
FNF:2
FNH:2
FNDA:3,(anonymous_0)
FNDA:4,(anonymous_1)
DA:5,1
DA:7,3
DA:11,3
DA:12,4
DA:14,4
DA:18,3
DA:31,3
LF:7
LH:7
BRF:0
BRH:0
end_of_record
TN:
SF:/Users/emjune/Desktop/Coding_Bootcamp/PostGrad/Thunderhead/ticker-checker/client/src/components/PopoutItem/index.js
FN:11,(anonymous_0)
FN:27,(anonymous_1)
FNF:2
FNH:0
FNDA:0,(anonymous_0)
FNDA:0,(anonymous_1)
DA:11,0
DA:12,0
DA:27,0
DA:43,0
LF:4
LH:0
BRDA:14,0,0,0
BRDA:14,0,1,0
BRF:2
BRH:0
end_of_record
TN:
SF:/Users/emjune/Desktop/Coding_Bootcamp/PostGrad/Thunderhead/ticker-checker/client/src/reducers/stockReducer.js
FN:10,(anonymous_0)
FN:16,(anonymous_1)
FN:51,(anonymous_2)
FN:73,(anonymous_3)
FNF:4
FNH:1
FNDA:1,(anonymous_0)
FNDA:0,(anonymous_1)
FNDA:0,(anonymous_2)
FNDA:0,(anonymous_3)
DA:3,1
DA:10,1
DA:12,1
DA:14,0
DA:17,0
DA:18,0
DA:19,0
DA:20,0
DA:23,0
DA:32,0
DA:37,0
DA:49,0
DA:52,0
DA:53,0
DA:55,0
DA:56,0
DA:63,0
DA:70,0
DA:74,0
DA:75,0
DA:80,1
LF:21
LH:4
BRDA:10,0,0,1
BRDA:12,1,0,0
BRDA:12,1,1,0
BRDA:12,1,2,0
BRDA:12,1,3,0
BRDA:12,1,4,0
BRDA:12,1,5,1
BRDA:19,2,0,0
BRDA:19,2,1,0
BRDA:55,3,0,0
BRDA:55,3,1,0
BRDA:74,4,0,0
BRDA:74,4,1,0
BRF:13
BRH:2
end_of_record
